<< CAP LS
<< NICK h
<< USER hbui-vu hbui-vu irc.libera.chat :hbui-vu
>> :copper.libera.chat NOTICE * :*** Checking Ident
>> :copper.libera.chat NOTICE * :*** Looking up your hostname...
>> :copper.libera.chat NOTICE * :*** Found your hostname: bba-217-165-150-155.alshamil.net.ae
>> :copper.libera.chat NOTICE * :*** No Ident response
>> :copper.libera.chat CAP * LS :account-notify away-notify chghost extended-join multi-prefix sasl tls account-tag cap-notify echo-message server-time solanum.chat/identify-msg solanum.chat/oper solanum.chat/realhost
<< CAP REQ :multi-prefix
>> :copper.libera.chat 433 * h :Nickname is already in use.
<< NICK h_
>> :copper.libera.chat CAP * ACK :multi-prefix
<< CAP END
>> :copper.libera.chat 433 * h_ :Nickname is already in use.
<< NICK h__
>> :copper.libera.chat 433 * h__ :Nickname is already in use.
<< NICK h___
>> :copper.libera.chat 433 * h___ :Nickname is already in use.
<< NICK h____
>> :copper.libera.chat 001 h____ :Welcome to the Libera.Chat Internet Relay Chat Network h____
>> :copper.libera.chat 002 h____ :Your host is copper.libera.chat[130.185.232.126/6697], running version solanum-1.0-dev
>> :copper.libera.chat 003 h____ :This server was created Sat Nov 18 2023 at 03:16:28 UTC
>> :copper.libera.chat 004 h____ copper.libera.chat solanum-1.0-dev DGIMQRSZaghilopsuwz CFILMPQRSTbcefgijklmnopqrstuvz bkloveqjfI
>> :copper.libera.chat 005 h____ ACCOUNTEXTBAN=a ETRACE FNC WHOX KNOCK CALLERID=g MONITOR=100 SAFELIST ELIST=CMNTU CHANTYPES=# EXCEPTS INVEX :are supported by this server
>> :copper.libera.chat 005 h____ CHANMODES=eIbq,k,flj,CFLMPQRSTcgimnprstuz CHANLIMIT=#:250 PREFIX=(ov)@+ MAXLIST=bqeI:100 MODES=4 NETWORK=Libera.Chat STATUSMSG=@+ CASEMAPPING=rfc1459 NICKLEN=16 MAXNICKLEN=16 CHANNELLEN=50 TOPICLEN=390 :are supported by this server
>> :copper.libera.chat 005 h____ DEAF=D TARGMAX=NAMES:1,LIST:1,KICK:1,WHOIS:1,PRIVMSG:4,NOTICE:4,ACCEPT:,MONITOR: EXTBAN=$,agjrxz :are supported by this server
>> :copper.libera.chat 251 h____ :There are 67 users and 34332 invisible on 28 servers
>> :copper.libera.chat 252 h____ 39 :IRC Operators online
>> :copper.libera.chat 253 h____ 63 :unknown connection(s)
>> :copper.libera.chat 254 h____ 22870 :channels formed
>> :copper.libera.chat 255 h____ :I have 2229 clients and 1 servers
>> :copper.libera.chat 265 h____ 2229 2711 :Current local users 2229, max 2711
>> :copper.libera.chat 266 h____ 34399 36895 :Current global users 34399, max 36895
>> :copper.libera.chat 250 h____ :Highest connection count: 2712 (2711 clients) (337630 connections received)
>> :copper.libera.chat 375 h____ :- copper.libera.chat Message of the Day - 
>> :copper.libera.chat 372 h____ :- Welcome to Libera Chat, the IRC network for
>> :copper.libera.chat 372 h____ :- free & open-source software and peer directed projects.
>> :copper.libera.chat 372 h____ :-  
>> :copper.libera.chat 372 h____ :- Use of Libera Chat is governed by our network policies.
>> :copper.libera.chat 372 h____ :-  
>> :copper.libera.chat 372 h____ :- To reduce network abuses we perform open proxy checks
>> :copper.libera.chat 372 h____ :- on hosts at connection time.
>> :copper.libera.chat 372 h____ :-  
>> :copper.libera.chat 372 h____ :- Please visit us in #libera for questions and support.
>> :copper.libera.chat 372 h____ :-  
>> :copper.libera.chat 372 h____ :- Website and documentation:  https://libera.chat
>> :copper.libera.chat 372 h____ :- Webchat:                    https://web.libera.chat
>> :copper.libera.chat 372 h____ :- Network policies:           https://libera.chat/policies
>> :copper.libera.chat 372 h____ :- Email:                      support@libera.chat
>> :copper.libera.chat 376 h____ :End of /MOTD command.
>> :h____ MODE h____ :+Ziw
<< MODE h____ +i
<< WHOIS h
>> :copper.libera.chat 311 h____ h h capatcha.oddprotocol.org * :h
--> nickfind event whois
>> :copper.libera.chat 312 h____ h molybdenum.libera.chat :Quebec, CA
--> event empty
>> :copper.libera.chat 671 h____ h :is using a secure connection
--> event empty
>> :copper.libera.chat 338 h____ h 2605:6400:30:fc15:e151:9ca6:a143:1ad7 :actually using host
--> event empty
>> :copper.libera.chat 318 h____ h :End of /WHOIS list.
--> event empty
<< PING copper.libera.chat
>> :copper.libera.chat PONG copper.libera.chat :copper.libera.chat
--> lag pong
<< JOIN #chan1
>> :h____!~hbui-vu@bba-217-165-150-155.alshamil.net.ae JOIN #chan1
>> :copper.libera.chat 353 h____ @ #chan1 :h____ @h___
>> :copper.libera.chat 366 h____ #chan1 :End of /NAMES list.
<< MODE #chan1
>> :copper.libera.chat 324 h____ #chan1 +Cnst
--> chanquery mode
<< WHO #chan1
>> :copper.libera.chat 329 h____ #chan1 1709758090
--> event 329
>> :copper.libera.chat 352 h____ #chan1 ~hbui-vu bba-217-165-150-155.alshamil.net.ae copper.libera.chat h____ H :0 hbui-vu
--> silent event who
>> :copper.libera.chat 352 h____ #chan1 ~hbui-vu bba-217-165-150-155.alshamil.net.ae mercury.libera.chat h___ H@ :0 hbui-vu
--> silent event who
>> :copper.libera.chat 315 h____ #chan1 :End of /WHO list.
--> chanquery who end
<< MODE #chan1 b
>> :copper.libera.chat 368 h____ #chan1 :End of Channel Ban List
--> chanquery ban end
<< PRIVMSG #chan1 :Lorem ipsum dolor sit amet, consectetur adipiscing elit. Nunc ullamcorper lorem ac augue lacinia dignissim. Nulla scelerisque ipsum at tortor sodales, et tempor velit aliquet. Maecenas facilisis, lectus id mattis tincidunt, urna lacus maximus risus, ut vulputate ligula nulla nec dolor. Fusce sodales tincidunt enim sit amet convallis. Cras lectus sem, condimentum vitae magna vitae, porttitor rutrum felis. 
<< PRIVMSG #chan1 :Praesent pretium rutrum turpis, vitae vehicula magna convallis sagittis. Maecenas vulputate ligula elit, vel iaculis erat pharetra at. Aliquam erat volutpat. Curabitur ut tortor consectetur, placerat quam at, ullamcorper purus. Aenean vel nisi nec massa molestie commodo nec ac turpis. Quisque nec auctor augue, sed vehicula diam. Sed nec maximus nulla, id blandit justo. Maecenas vel auctor metus. Aenean 
<< PRIVMSG #chan1 :dapibus vehicula felis iaculis molestie. Aenean condimentum tortor vel justo malesuada aliquam. Orci varius natoque penatibus et magnis dis parturient montes, nascetur ridiculus mus. Quisque erat massa, dictum eget tellus nec, eleifend lobortis nulla. Morbi tellus augue, egestas at massa nec, faucibus sodales eros. Aliquam vel metus at sem sodales hendrerit. Donec malesuada enim maximus sem viverra maximus. 
<< PRIVMSG #chan1 :Quisque suscipit vel leo at posuere. Maecenas porttitor lacus at nibh maximus posuere nec sollicitudin urna. Nam accumsan quam at elementum vestibulum. Etiam molestie, turpis a imperdiet egestas, nisi eros sodales dolor, et fermentum velit risus mollis diam. Praesent tempus eros odio. Phasellus non arcu sit amet justo pretium tempor. Lorem ipsum dolor sit amet, consectetur adipiscing elit. In tortor nisi, 
<< PRIVMSG #chan1 :fringilla ut leo vitae, placerat luctus dolor. Aliquam fringilla sem id quam commodo, quis eleifend diam viverra. Duis arcu leo, fringilla a tempus vitae, condimentum a nunc. Aenean fermentum lectus ante, vitae blandit ex facilisis id. Vivamus odio sapien, mollis in risus eget, aliquet dignissim nisl. Vivamus eget est vitae nunc convallis faucibus. Etiam purus dui, tempor sit amet ligula sit amet, interdum 
<< PRIVMSG #chan1 :sagittis lacus. Donec auctor lorem sit amet metus pulvinar porta. Cras posuere non sapien sed ullamcorper. Fusce ut tortor ut augue iaculis efficitur at sit amet magna. Praesent pellentesque erat nec ultrices feugiat. Suspendisse potenti. Proin ut pharetra lorem. Integer vitae est at tellus dignissim ornare. Proin aliquam, risus ut porttitor aliquet, felis arcu lobortis purus, sit amet malesuada justo augue 
<< PRIVMSG #chan1 :et quam. Maecenas dapibus eleifend diam eget euismod. Maecenas volutpat vestibulum sapien ut feugiat. Proin scelerisque tellus enim, ut consectetur purus volutpat at. Quisque luctus laoreet mollis. Phasellus luctus commodo lorem at pretium. Quisque sit amet posuere risus. In ultricies lacus vel odio efficitur, nec cursus purus imperdiet. Curabitur eget mollis tellus, id semper nibh. Sed dignissim, leo 
<< PRIVMSG #chan1 :consectetur sagittis elementum, augue ante bibendum lacus, et vehicula mi enim id velit. Suspendisse et cursus lectus, ac interdum ligula. Vivamus tristique enim consectetur laoreet sodales. Aliquam at magna fringilla erat dapibus vestibulum imperdiet et lectus. Nam eleifend massa ipsum, et ultrices massa bibendum ac. Quisque placerat ac nunc lobortis tincidunt. Phasellus tellus nunc, ultricies at mi vel, 
<< PRIVMSG #chan1 :fermentum ullamcorper libero. Cras volutpat consequat orci, non bibendum lorem tincidunt nec. Nullam eget est orci. Morbi tempor risus non tincidunt interdum. Quisque et tellus eros. Sed nulla metus, rutrum at lobortis at, lobortis eget elit. Aenean bibendum odio at justo laoreet, a hendrerit neque fermentum. Mauris blandit suscipit viverra. Sed finibus odio nec euismod maximus
<< PING copper.libera.chat
>> :copper.libera.chat PONG copper.libera.chat :copper.libera.chat
--> lag pong
<< PING copper.libera.chat
>> :copper.libera.chat PONG copper.libera.chat :copper.libera.chat
--> lag pong
