<< CAP LS
<< NICK h
<< USER hbui-vu hbui-vu irc.libera.chat :hbui-vu
>> :mercury.libera.chat NOTICE * :*** Checking Ident
>> :mercury.libera.chat NOTICE * :*** Looking up your hostname...
>> :mercury.libera.chat NOTICE * :*** Found your hostname: bba-217-165-150-155.alshamil.net.ae
>> :mercury.libera.chat NOTICE * :*** No Ident response
>> :mercury.libera.chat CAP * LS :account-notify away-notify chghost extended-join multi-prefix sasl tls account-tag cap-notify echo-message server-time solanum.chat/identify-msg solanum.chat/oper solanum.chat/realhost
<< CAP REQ :multi-prefix
>> :mercury.libera.chat 433 * h :Nickname is already in use.
<< NICK h_
>> :mercury.libera.chat CAP * ACK :multi-prefix
<< CAP END
>> :mercury.libera.chat 433 * h_ :Nickname is already in use.
<< NICK h__
>> :mercury.libera.chat 433 * h__ :Nickname is already in use.
<< NICK h___
>> :mercury.libera.chat 001 h___ :Welcome to the Libera.Chat Internet Relay Chat Network h___
>> :mercury.libera.chat 002 h___ :Your host is mercury.libera.chat[51.89.226.78/6697], running version solanum-1.0-dev
>> :mercury.libera.chat 003 h___ :This server was created Thu Nov 16 2023 at 06:35:18 UTC
>> :mercury.libera.chat 004 h___ mercury.libera.chat solanum-1.0-dev DGIMQRSZaghilopsuwz CFILMPQRSTbcefgijklmnopqrstuvz bkloveqjfI
>> :mercury.libera.chat 005 h___ ACCOUNTEXTBAN=a WHOX KNOCK MONITOR=100 ETRACE FNC SAFELIST ELIST=CMNTU CALLERID=g CHANTYPES=# EXCEPTS INVEX :are supported by this server
>> :mercury.libera.chat 005 h___ CHANMODES=eIbq,k,flj,CFLMPQRSTcgimnprstuz CHANLIMIT=#:250 PREFIX=(ov)@+ MAXLIST=bqeI:100 MODES=4 NETWORK=Libera.Chat STATUSMSG=@+ CASEMAPPING=rfc1459 NICKLEN=16 MAXNICKLEN=16 CHANNELLEN=50 TOPICLEN=390 :are supported by this server
>> :mercury.libera.chat 005 h___ DEAF=D TARGMAX=NAMES:1,LIST:1,KICK:1,WHOIS:1,PRIVMSG:4,NOTICE:4,ACCEPT:,MONITOR: EXTBAN=$,agjrxz :are supported by this server
>> :mercury.libera.chat 251 h___ :There are 67 users and 34331 invisible on 28 servers
>> :mercury.libera.chat 252 h___ 39 :IRC Operators online
>> :mercury.libera.chat 253 h___ 96 :unknown connection(s)
>> :mercury.libera.chat 254 h___ 22871 :channels formed
>> :mercury.libera.chat 255 h___ :I have 2255 clients and 1 servers
>> :mercury.libera.chat 265 h___ 2255 2671 :Current local users 2255, max 2671
>> :mercury.libera.chat 266 h___ 34398 35905 :Current global users 34398, max 35905
>> :mercury.libera.chat 250 h___ :Highest connection count: 2672 (2671 clients) (121731 connections received)
>> :mercury.libera.chat 375 h___ :- mercury.libera.chat Message of the Day - 
>> :mercury.libera.chat 372 h___ :- -[ Mercury ]-[ Atomic number: 80 ]-[ Chemical symbol: Hg ]-
>> :mercury.libera.chat 372 h___ :-  
>> :mercury.libera.chat 372 h___ :- Known since antiquity, Mercury is a heavy, liquid metal
>> :mercury.libera.chat 372 h___ :- element at room temperature - the only such element. Despite
>> :mercury.libera.chat 372 h___ :- the wide ranging use, mercury is a relatively rare element,
>> :mercury.libera.chat 372 h___ :- though this is mitigated by its ore deposits tending to be
>> :mercury.libera.chat 372 h___ :- highly concentrated.
>> :mercury.libera.chat 372 h___ :-  
>> :mercury.libera.chat 372 h___ :- The uses of mercury include medical applications such as
>> :mercury.libera.chat 372 h___ :- dental amalgams, topical antiseptic compounds, and blood
>> :mercury.libera.chat 372 h___ :- pressure meters.  Outside of medicine, mercury can be found
>> :mercury.libera.chat 372 h___ :- in telescopes to form flat mirror surfaces, as well as
>> :mercury.libera.chat 372 h___ :- parabolic surfaces when their container is spun. Mercury has
>> :mercury.libera.chat 372 h___ :- historically and continues to be used in many other
>> :mercury.libera.chat 372 h___ :- industries and applications.
>> :mercury.libera.chat 372 h___ :-  
>> :mercury.libera.chat 372 h___ :-  
>> :mercury.libera.chat 372 h___ :- Welcome to Libera Chat, the IRC network for
>> :mercury.libera.chat 372 h___ :- free & open-source software and peer directed projects.
>> :mercury.libera.chat 372 h___ :-  
>> :mercury.libera.chat 372 h___ :- Use of Libera Chat is governed by our network policies.
>> :mercury.libera.chat 372 h___ :-  
>> :mercury.libera.chat 372 h___ :- To reduce network abuses we perform open proxy checks
>> :mercury.libera.chat 372 h___ :- on hosts at connection time.
>> :mercury.libera.chat 372 h___ :-  
>> :mercury.libera.chat 372 h___ :- Please visit us in #libera for questions and support.
>> :mercury.libera.chat 372 h___ :-  
>> :mercury.libera.chat 372 h___ :- Website and documentation:  https://libera.chat
>> :mercury.libera.chat 372 h___ :- Webchat:                    https://web.libera.chat
>> :mercury.libera.chat 372 h___ :- Network policies:           https://libera.chat/policies
>> :mercury.libera.chat 372 h___ :- Email:                      support@libera.chat
>> :mercury.libera.chat 376 h___ :End of /MOTD command.
>> :h___ MODE h___ :+Ziw
<< MODE h___ +i
<< WHOIS h
>> :mercury.libera.chat 311 h___ h h capatcha.oddprotocol.org * :h
--> nickfind event whois
>> :mercury.libera.chat 312 h___ h molybdenum.libera.chat :Quebec, CA
--> event empty
>> :mercury.libera.chat 671 h___ h :is using a secure connection
--> event empty
>> :mercury.libera.chat 338 h___ h 2605:6400:30:fc15:e151:9ca6:a143:1ad7 :actually using host
--> event empty
>> :mercury.libera.chat 318 h___ h :End of /WHOIS list.
--> event empty
<< PING mercury.libera.chat
>> :mercury.libera.chat PONG mercury.libera.chat :mercury.libera.chat
--> lag pong
<< JOIN #chan1
>> :h___!~hbui-vu@bba-217-165-150-155.alshamil.net.ae JOIN #chan1
>> :mercury.libera.chat MODE #chan1 +Cnst
>> :mercury.libera.chat 353 h___ @ #chan1 :@h___
>> :mercury.libera.chat 366 h___ #chan1 :End of /NAMES list.
<< MODE #chan1
>> :mercury.libera.chat 324 h___ #chan1 +Cnst
--> chanquery mode
<< WHO #chan1
>> :mercury.libera.chat 329 h___ #chan1 1709758090
--> event 329
>> :mercury.libera.chat 352 h___ #chan1 ~hbui-vu bba-217-165-150-155.alshamil.net.ae mercury.libera.chat h___ H@ :0 hbui-vu
--> silent event who
>> :mercury.libera.chat 315 h___ #chan1 :End of /WHO list.
--> chanquery who end
<< MODE #chan1 b
>> :mercury.libera.chat 368 h___ #chan1 :End of Channel Ban List
--> chanquery ban end
>> :h____!~hbui-vu@bba-217-165-150-155.alshamil.net.ae JOIN #chan1
>> :h____!~hbui-vu@bba-217-165-150-155.alshamil.net.ae PRIVMSG #chan1 :Lorem ipsum dolor sit amet, consectetur adipiscing elit. Nunc ullamcorper lorem ac augue lacinia dignissim. Nulla scelerisque ipsum at tortor sodales, et tempor velit aliquet. Maecenas facilisis, lectus id mattis tincidunt, urna lacus maximus risus, ut vulputate ligula nulla nec dolor. Fusce sodales tincidunt enim sit amet convallis. Cras lectus sem, condimentum vitae magna vitae, porttitor rutrum felis. 
>> :h____!~hbui-vu@bba-217-165-150-155.alshamil.net.ae PRIVMSG #chan1 :Praesent pretium rutrum turpis, vitae vehicula magna convallis sagittis. Maecenas vulputate ligula elit, vel iaculis erat pharetra at. Aliquam erat volutpat. Curabitur ut tortor consectetur, placerat quam at, ullamcorper purus. Aenean vel nisi nec massa molestie commodo nec ac turpis. Quisque nec auctor augue, sed vehicula diam. Sed nec maximus nulla, id blandit justo. Maecenas vel auctor metus. Aenean 
>> :h____!~hbui-vu@bba-217-165-150-155.alshamil.net.ae PRIVMSG #chan1 :dapibus vehicula felis iaculis molestie. Aenean condimentum tortor vel justo malesuada aliquam. Orci varius natoque penatibus et magnis dis parturient montes, nascetur ridiculus mus. Quisque erat massa, dictum eget tellus nec, eleifend lobortis nulla. Morbi tellus augue, egestas at massa nec, faucibus sodales eros. Aliquam vel metus at sem sodales hendrerit. Donec malesuada enim maximus sem viverra maximus. 
>> :h____!~hbui-vu@bba-217-165-150-155.alshamil.net.ae PRIVMSG #chan1 :Quisque suscipit vel leo at posuere. Maecenas porttitor lacus at nibh maximus posuere nec sollicitudin urna. Nam accumsan quam at elementum vestibulum. Etiam molestie, turpis a imperdiet egestas, nisi eros sodales dolor, et fermentum velit risus mollis diam. Praesent tempus eros odio. Phasellus non arcu sit amet justo pretium tempor. Lorem ipsum dolor sit amet, consectetur adipiscing elit. In tortor nisi, 
>> :h____!~hbui-vu@bba-217-165-150-155.alshamil.net.ae PRIVMSG #chan1 :fringilla ut leo vitae, placerat luctus dolor. Aliquam fringilla sem id quam commodo, quis eleifend diam viverra. Duis arcu leo, fringilla a tempus vitae, condimentum a nunc. Aenean fermentum lectus ante, vitae blandit ex facilisis id. Vivamus odio sapien, mollis in risus eget, aliquet dignissim nisl. Vivamus eget est vitae nunc convallis faucibus. Etiam purus dui, tempor sit amet ligula sit amet, interdum 
>> :h____!~hbui-vu@bba-217-165-150-155.alshamil.net.ae PRIVMSG #chan1 :sagittis lacus. Donec auctor lorem sit amet metus pulvinar porta. Cras posuere non sapien sed ullamcorper. Fusce ut tortor ut augue iaculis efficitur at sit amet magna. Praesent pellentesque erat nec ultrices feugiat. Suspendisse potenti. Proin ut pharetra lorem. Integer vitae est at tellus dignissim ornare. Proin aliquam, risus ut porttitor aliquet, felis arcu lobortis purus, sit amet malesuada justo augue 
>> :h____!~hbui-vu@bba-217-165-150-155.alshamil.net.ae PRIVMSG #chan1 :et quam. Maecenas dapibus eleifend diam eget euismod. Maecenas volutpat vestibulum sapien ut feugiat. Proin scelerisque tellus enim, ut consectetur purus volutpat at. Quisque luctus laoreet mollis. Phasellus luctus commodo lorem at pretium. Quisque sit amet posuere risus. In ultricies lacus vel odio efficitur, nec cursus purus imperdiet. Curabitur eget mollis tellus, id semper nibh. Sed dignissim, leo 
<< PING mercury.libera.chat
>> :mercury.libera.chat PONG mercury.libera.chat :mercury.libera.chat
--> lag pong
>> :h____!~hbui-vu@bba-217-165-150-155.alshamil.net.ae PRIVMSG #chan1 :consectetur sagittis elementum, augue ante bibendum lacus, et vehicula mi enim id velit. Suspendisse et cursus lectus, ac interdum ligula. Vivamus tristique enim consectetur laoreet sodales. Aliquam at magna fringilla erat dapibus vestibulum imperdiet et lectus. Nam eleifend massa ipsum, et ultrices massa bibendum ac. Quisque placerat ac nunc lobortis tincidunt. Phasellus tellus nunc, ultricies at mi vel, 
>> :h____!~hbui-vu@bba-217-165-150-155.alshamil.net.ae PRIVMSG #chan1 :fermentum ullamcorper libero. Cras volutpat consequat orci, non bibendum lorem tincidunt nec. Nullam eget est orci. Morbi tempor risus non tincidunt interdum. Quisque et tellus eros. Sed nulla metus, rutrum at lobortis at, lobortis eget elit. Aenean bibendum odio at justo laoreet, a hendrerit neque fermentum. Mauris blandit suscipit viverra. Sed finibus odio nec euismod maximus
<< PING mercury.libera.chat
>> :mercury.libera.chat PONG mercury.libera.chat :mercury.libera.chat
--> lag pong
<< PING mercury.libera.chat
>> :mercury.libera.chat PONG mercury.libera.chat :mercury.libera.chat
--> lag pong
