<< CAP LS
<< PASS h
<< NICK h
<< USER hbui-vu hbui-vu localhost :hbui-vu
>> CAP * LS :
<< CAP END
>> :FT_IRC 433 * h :Nickname already in use
<< NICK h_
>> :FT_IRC 001 h_ :Welcome to the Internet Relay Network h_!~hbui-vu@hbui-vu
<< MODE h_ +i
<< WHOIS h
>> :FT_IRC 002 h_ :Your host is FT_IRC
>> :FT_IRC 003 h_ :This server was created February 29, 2024
>> :FT_IRC 004 h_ :FT_IRC v1 io iotkl
>> :FT_IRC 005 h_ CHANMODES=,k,l,it CHANNELLEN=20 KICKLEN=50 NICKLEN=15 USERLEN=10 TOPICLEN=50 :are supported by this server
>> :FT_IRC 375 h_ :-Message of the day
>> :FT_IRC 372 h_ :-MOTD MAIN BODY
>>  :This is ft-IRC
>> :FT_IRC 372 h_ :-MOTD MAIN BODY
>>  :≽^•⩊•^≼
>> :FT_IRC 372 h_ :-MOTD MAIN BODY
>>  :creators: Huong, Jensen, Hadi
>> :FT_IRC 376 h_ :End of /MOTD command
>> :FT_IRC 472 h_ :Unknown MODE flag
>> :FT_IRC 311 h_ h hbui-vu hbui-vu * :hbui-vu
--> nickfind event whois
>> :FT_IRC 312 h_ h localhost :FT_IRC
--> event empty
>> :FT_IRC 318 h_ :End of /WHOIS list
--> event empty
<< PING FT_IRC
>> PONG :FT_IRC
--> lag pong
<< PING FT_IRC
>> PONG :FT_IRC
--> lag pong
>> :hhh!hbui-vu@hbui-vu PRIVMSG h_ :SEND file.txt 2130706433 46719 0
<< PING FT_IRC
>> PONG :FT_IRC
--> lag pong
<< PING FT_IRC
>> PONG :FT_IRC
--> lag pong
<< PING FT_IRC
>> PONG :FT_IRC
--> lag pong
>> :hhh!hbui-vu@hbui-vu PRIVMSG h_ :world
<< CAP LS
<< PASS h
<< NICK h
<< USER hbui-vu hbui-vu localhost :hbui-vu
>> CAP * LS :
<< CAP END
>> :FT_IRC 433 * h :Nickname already in use
<< NICK h_
>> :FT_IRC 001 h_ :Welcome to the Internet Relay Network h_!~hbui-vu@hbui-vu
<< MODE h_ +i
<< WHOIS h
>> :FT_IRC 002 h_ :Your host is FT_IRC
>> :FT_IRC 003 h_ :This server was created February 29, 2024
>> :FT_IRC 004 h_ :FT_IRC v1 io iotkl
>> :FT_IRC 005 h_ CHANMODES=,k,l,it CHANNELLEN=20 KICKLEN=50 NICKLEN=15 USERLEN=10 TOPICLEN=50 :are supported by this server
>> :FT_IRC 375 h_ :-Message of the day
>> :FT_IRC 372 h_ :-MOTD MAIN BODY
>>  :This is ft-IRC
>> :FT_IRC 372 h_ :-MOTD MAIN BODY
>>  :≽^•⩊•^≼
>> :FT_IRC 372 h_ :-MOTD MAIN BODY
>>  :creators: Huong, Jensen, Hadi
>> :FT_IRC 376 h_ :End of /MOTD command
>> :FT_IRC 472 h_ :Unknown MODE flag
>> :FT_IRC 311 h_ h hbui-vu hbui-vu * :hbui-vu
--> nickfind event whois
>> :FT_IRC 312 h_ h localhost :FT_IRC
--> event empty
>> :FT_IRC 318 h_ :End of /WHOIS list
--> event empty
<< PING FT_IRC
>> PONG :FT_IRC
--> lag pong
<< PING FT_IRC
>> PONG :FT_IRC
--> lag pong
>> :hhh!hbui-vu@hbui-vu PRIVMSG h_ :SEND file.txt 2130706433 46719 0
<< PING FT_IRC
>> PONG :FT_IRC
--> lag pong
<< PING FT_IRC
>> PONG :FT_IRC
--> lag pong
<< PING FT_IRC
>> PONG :FT_IRC
--> lag pong
>> :hhh!hbui-vu@hbui-vu PRIVMSG h_ :world
<< PING FT_IRC
>> PONG :FT_IRC
--> lag pong
<< JOIN #chan1
>> :h_!~hbui-vu@hbui-vu JOIN #chan1
>> :FT_IRC 353 h_ = #chan1 :@hhh h_
>> :FT_IRC 366 h_ #chan1 :End of /NAMES list
<< MODE #chan1
>> :FT_IRC 482 h_ #chan1 :You're not channel operator
<< PRIVMSG #chan1 :hello world
<< CAP LS
<< PASS h
<< NICK h
<< USER hbui-vu hbui-vu localhost :hbui-vu
>> CAP * LS :
<< CAP END
>> :FT_IRC 001 h :Welcome to the Internet Relay Network h!~hbui-vu@hbui-vu
<< MODE h +i
>> :FT_IRC 002 h :Your host is FT_IRC
>> :FT_IRC 003 h :This server was created February 29, 2024
>> :FT_IRC 004 h :FT_IRC v1 io iotkl
>> :FT_IRC 005 h CHANMODES=,k,l,it CHANNELLEN=20 KICKLEN=50 NICKLEN=15 USERLEN=10 TOPICLEN=50 :are supported by this server
>> :FT_IRC 375 h :-Message of the day
>> :FT_IRC 372 h :-MOTD MAIN BODY
>>  :This is ft-IRC
>> :FT_IRC 372 h :-MOTD MAIN BODY
>>  :≽^•⩊•^≼
>> :FT_IRC 372 h :-MOTD MAIN BODY
>>  :creators: Huong, Jensen, Hadi
>> :FT_IRC 376 h :End of /MOTD command
>> :FT_IRC 472 h :Unknown MODE flag
<< PING FT_IRC
>> PONG :FT_IRC
--> lag pong
<< PING FT_IRC
>> PONG :FT_IRC
--> lag pong
<< NICK h
>> :FT_IRC 433 * h :Nickname already in use
<< NICK hhh
>> :h NICK :hhh
<< PRIVMSG h_ :DCC SEND file.txt 2130706433 46719 0
<< PING FT_IRC
>> PONG :FT_IRC
--> lag pong
<< PING FT_IRC
>> PONG :FT_IRC
--> lag pong
<< PING FT_IRC
>> PONG :FT_IRC
--> lag pong
<< PRIVMSG h_ ::hello world
<< PING FT_IRC
>> PONG :FT_IRC
--> lag pong
<< JOIN #chan1
>> :hhh!hbui-vu@hbui-vu JOIN #chan1
>> :FT_IRC 353 hhh = #chan1 :@hhh
>> :FT_IRC 366 hhh #chan1 :End of /NAMES list
<< MODE #chan1
>> :FT_IRC 324 hhh #chan1  
--> chanquery mode
<< WHO #chan1
>> :FT_IRC 421 hhh WHO :Unknown command
>> :h_!~hbui-vu@hbui-vu JOIN #chan1
>> :hhh!hbui-vu@hbui-vu PRIVMSG #chan1 :hello world
<< CAP LS
<< NICK h
<< USER hbui-vu hbui-vu irc.libera.chat :hbui-vu
>> :copper.libera.chat NOTICE * :*** Checking Ident
>> :copper.libera.chat NOTICE * :*** Looking up your hostname...
>> :copper.libera.chat NOTICE * :*** Found your hostname: bba-217-165-150-155.alshamil.net.ae
>> :copper.libera.chat NOTICE * :*** No Ident response
>> :copper.libera.chat CAP * LS :account-notify away-notify chghost extended-join multi-prefix sasl tls account-tag cap-notify echo-message server-time solanum.chat/identify-msg solanum.chat/oper solanum.chat/realhost
<< CAP REQ :multi-prefix
>> :copper.libera.chat 433 * h :Nickname is already in use.
<< NICK h_
>> :copper.libera.chat CAP * ACK :multi-prefix
<< CAP END
>> :copper.libera.chat 433 * h_ :Nickname is already in use.
<< NICK h__
>> :copper.libera.chat 433 * h__ :Nickname is already in use.
<< NICK h___
>> :copper.libera.chat 001 h___ :Welcome to the Libera.Chat Internet Relay Chat Network h___
>> :copper.libera.chat 002 h___ :Your host is copper.libera.chat[130.185.232.126/6697], running version solanum-1.0-dev
>> :copper.libera.chat 003 h___ :This server was created Sat Nov 18 2023 at 03:16:28 UTC
>> :copper.libera.chat 004 h___ copper.libera.chat solanum-1.0-dev DGIMQRSZaghilopsuwz CFILMPQRSTbcefgijklmnopqrstuvz bkloveqjfI
>> :copper.libera.chat 005 h___ ACCOUNTEXTBAN=a ETRACE FNC WHOX KNOCK CALLERID=g MONITOR=100 SAFELIST ELIST=CMNTU CHANTYPES=# EXCEPTS INVEX :are supported by this server
>> :copper.libera.chat 005 h___ CHANMODES=eIbq,k,flj,CFLMPQRSTcgimnprstuz CHANLIMIT=#:250 PREFIX=(ov)@+ MAXLIST=bqeI:100 MODES=4 NETWORK=Libera.Chat STATUSMSG=@+ CASEMAPPING=rfc1459 NICKLEN=16 MAXNICKLEN=16 CHANNELLEN=50 TOPICLEN=390 :are supported by this server
>> :copper.libera.chat 005 h___ DEAF=D TARGMAX=NAMES:1,LIST:1,KICK:1,WHOIS:1,PRIVMSG:4,NOTICE:4,ACCEPT:,MONITOR: EXTBAN=$,agjrxz :are supported by this server
>> :copper.libera.chat 251 h___ :There are 65 users and 33890 invisible on 28 servers
>> :copper.libera.chat 252 h___ 39 :IRC Operators online
>> :copper.libera.chat 253 h___ 95 :unknown connection(s)
>> :copper.libera.chat 254 h___ 22748 :channels formed
>> :copper.libera.chat 255 h___ :I have 2197 clients and 1 servers
>> :copper.libera.chat 265 h___ 2197 2711 :Current local users 2197, max 2711
>> :copper.libera.chat 266 h___ 33955 36895 :Current global users 33955, max 36895
>> :copper.libera.chat 250 h___ :Highest connection count: 2712 (2711 clients) (361804 connections received)
>> :copper.libera.chat 375 h___ :- copper.libera.chat Message of the Day - 
>> :copper.libera.chat 372 h___ :- Welcome to Libera Chat, the IRC network for
>> :copper.libera.chat 372 h___ :- free & open-source software and peer directed projects.
>> :copper.libera.chat 372 h___ :-  
>> :copper.libera.chat 372 h___ :- Use of Libera Chat is governed by our network policies.
>> :copper.libera.chat 372 h___ :-  
>> :copper.libera.chat 372 h___ :- To reduce network abuses we perform open proxy checks
>> :copper.libera.chat 372 h___ :- on hosts at connection time.
>> :copper.libera.chat 372 h___ :-  
>> :copper.libera.chat 372 h___ :- Please visit us in #libera for questions and support.
>> :copper.libera.chat 372 h___ :-  
>> :copper.libera.chat 372 h___ :- Website and documentation:  https://libera.chat
>> :copper.libera.chat 372 h___ :- Webchat:                    https://web.libera.chat
>> :copper.libera.chat 372 h___ :- Network policies:           https://libera.chat/policies
>> :copper.libera.chat 372 h___ :- Email:                      support@libera.chat
>> :copper.libera.chat 376 h___ :End of /MOTD command.
>> :h___ MODE h___ :+Ziw
<< MODE h___ +i
<< WHOIS h
>> :copper.libera.chat 311 h___ h h capatcha.oddprotocol.org * :h
--> nickfind event whois
>> :copper.libera.chat 312 h___ h molybdenum.libera.chat :Quebec, CA
--> event empty
>> :copper.libera.chat 671 h___ h :is using a secure connection
--> event empty
>> :copper.libera.chat 338 h___ h 2605:6400:30:fc15:e151:9ca6:a143:1ad7 :actually using host
--> event empty
>> :copper.libera.chat 318 h___ h :End of /WHOIS list.
--> event empty
<< JOIN #chan1,#chan2,#chan3
>> :h___!~hbui-vu@bba-217-165-150-155.alshamil.net.ae JOIN #chan1
>> :copper.libera.chat MODE #chan1 +Cnst
>> :copper.libera.chat 353 h___ @ #chan1 :@h___
>> :copper.libera.chat 366 h___ #chan1 :End of /NAMES list.
<< MODE #chan1
>> :h___!~hbui-vu@bba-217-165-150-155.alshamil.net.ae JOIN #chan2
>> :copper.libera.chat MODE #chan2 +Cnst
>> :copper.libera.chat 353 h___ @ #chan2 :@h___
>> :copper.libera.chat 366 h___ #chan2 :End of /NAMES list.
>> :h___!~hbui-vu@bba-217-165-150-155.alshamil.net.ae JOIN #chan3
>> :copper.libera.chat MODE #chan3 +Cnst
>> :copper.libera.chat 353 h___ @ #chan3 :@h___
>> :copper.libera.chat 366 h___ #chan3 :End of /NAMES list.
>> :copper.libera.chat 324 h___ #chan1 +Cnst
--> chanquery mode
>> :copper.libera.chat 329 h___ #chan1 1710226384
--> event 329
<< MODE #chan2
>> :copper.libera.chat 324 h___ #chan2 +Cnst
--> chanquery mode
>> :copper.libera.chat 329 h___ #chan2 1710226384
--> event 329
<< MODE #chan3
>> :copper.libera.chat 324 h___ #chan3 +Cnst
--> chanquery mode
>> :copper.libera.chat 329 h___ #chan3 1710226384
--> event 329
<< WHO #chan1
>> :copper.libera.chat 352 h___ #chan1 ~hbui-vu bba-217-165-150-155.alshamil.net.ae copper.libera.chat h___ H@ :0 hbui-vu
--> silent event who
>> :copper.libera.chat 315 h___ #chan1 :End of /WHO list.
--> chanquery who end
<< WHO #chan2
>> :copper.libera.chat 352 h___ #chan2 ~hbui-vu bba-217-165-150-155.alshamil.net.ae copper.libera.chat h___ H@ :0 hbui-vu
--> silent event who
>> :copper.libera.chat 315 h___ #chan2 :End of /WHO list.
--> chanquery who end
<< WHO #chan3
>> :copper.libera.chat 352 h___ #chan3 ~hbui-vu bba-217-165-150-155.alshamil.net.ae copper.libera.chat h___ H@ :0 hbui-vu
--> silent event who
>> :copper.libera.chat 315 h___ #chan3 :End of /WHO list.
--> chanquery who end
<< MODE #chan1 b
>> :copper.libera.chat 368 h___ #chan1 :End of Channel Ban List
--> chanquery ban end
<< MODE #chan2 b
>> :copper.libera.chat 368 h___ #chan2 :End of Channel Ban List
--> chanquery ban end
<< JOIN #0
>> :h___!~hbui-vu@bba-217-165-150-155.alshamil.net.ae JOIN #0
>> :copper.libera.chat 353 h___ = #0 :h___ rainbof night
>> :copper.libera.chat 366 h___ #0 :End of /NAMES list.
<< MODE #chan3 b
>> :copper.libera.chat 368 h___ #chan3 :End of Channel Ban List
--> chanquery ban end
<< MODE #0
>> :copper.libera.chat 324 h___ #0 +nt
--> chanquery mode
>> :copper.libera.chat 329 h___ #0 1621454118
--> event 329
<< WHO #0
>> :copper.libera.chat 352 h___ #0 ~hbui-vu bba-217-165-150-155.alshamil.net.ae copper.libera.chat h___ H :0 hbui-vu
--> silent event who
>> :copper.libera.chat 352 h___ #0 uid224616 id-224616.hampstead.irccloud.com platinum.libera.chat rainbof H :0 Hyperactive squirrel
--> silent event who
>> :copper.libera.chat 352 h___ #0 ~night 199.255.18.78 osmium.libera.chat night H :0 night
--> silent event who
>> :copper.libera.chat 315 h___ #0 :End of /WHO list.
--> chanquery who end
<< MODE #0 b
>> :copper.libera.chat 368 h___ #0 :End of Channel Ban List
--> chanquery ban end
<< PING copper.libera.chat
>> :copper.libera.chat PONG copper.libera.chat :copper.libera.chat
--> lag pong
<< PING copper.libera.chat
>> :copper.libera.chat PONG copper.libera.chat :copper.libera.chat
--> lag pong
<< PING copper.libera.chat
>> :copper.libera.chat PONG copper.libera.chat :copper.libera.chat
--> lag pong
<< PING copper.libera.chat
>> :copper.libera.chat PONG copper.libera.chat :copper.libera.chat
--> lag pong
