<< CAP LS
<< PASS h
<< NICK h
<< USER hbui-vu hbui-vu localhost :hbui-vu
>> CAP * LS :
<< CAP END
>> :FT_IRC 001 h :Welcome to the Internet Relay Network h!~hbui-vu@hbui-vu
<< MODE h +i
>> :FT_IRC 002 h :Your host is FT_IRC
>> :FT_IRC 003 h :This server was created February 29, 2024
>> :FT_IRC 004 h :FT_IRC v1 io iotkl
>> :FT_IRC 005 h CHANMODES=,k,l,it CHANNELLEN=20 KICKLEN=50 NICKLEN=15 USERLEN=10 TOPICLEN=50 :are supported by this server
>> :FT_IRC 375 h :-Message of the day
>> :FT_IRC 372 h :-MOTD MAIN BODY
>>  :This is ft-IRC
>> :FT_IRC 372 h :-MOTD MAIN BODY
>>  :≽^•⩊•^≼
>> :FT_IRC 372 h :-MOTD MAIN BODY
>>  :creators: Huong, Jensen, Hadi
>> :FT_IRC 376 h :End of /MOTD command
>> :FT_IRC 472 h :Unknown MODE flag
<< PING FT_IRC
>> PONG :FT_IRC
--> lag pong
<< PING FT_IRC
>> PONG :FT_IRC
--> lag pong
<< NICK h
>> :FT_IRC 433 * h :Nickname already in use
<< NICK hhh
>> :h NICK :hhh
<< PRIVMSG h_ :DCC SEND file.txt 2130706433 46719 0
<< PING FT_IRC
>> PONG :FT_IRC
--> lag pong
<< PING FT_IRC
>> PONG :FT_IRC
--> lag pong
