<< CAP LS
<< PASS hello
<< NICK jebucoy
<< USER jebucoy jebucoy localhost :jebucoy
>> CAP * LS ::FT_IRC 433 * * :Nickname already in use
<< CAP END
>> :FT_IRC 001 * :Welcome to the Internet Relay Network *!jebucoy@jebucoy
<< MODE * +i
<< WHOIS jebucoy
>> :FT_IRC 002 * :Your host is FT_IRC
>> :FT_IRC 003 * :This server was created February 29, 2024
>> :FT_IRC 004 * 
>> :FT_IRC 005 * 
>> :FT_IRC 375 * :-Message of the day
>> :FT_IRC 372 * :-MOTD MAIN BODY
>> :FT_IRC 376 * :End of /MOTD command
>> :FT_IRC 421 * MODE :Unknown command
>> :FT_IRC 421 * WHOIS :Unknown command
<< PING FT_IRC
>> :FT_IRC 421 * PING :Unknown command
<< PRIVMSG newtest :BOT
>> :FT_IRC 401 * newtest :No such nick
<< CAP LS
<< PASS hello
<< NICK jebucoy
<< USER jebucoy jebucoy localhost :jebucoy
>> CAP * LS ::FT_IRC 433 * * :Nickname already in use
<< CAP END
>> :FT_IRC 001 * :Welcome to the Internet Relay Network *!jebucoy@jebucoy
<< MODE * +i
<< WHOIS jebucoy
>> :FT_IRC 002 * :Your host is FT_IRC
>> :FT_IRC 003 * :This server was created February 29, 2024
>> :FT_IRC 004 * 
>> :FT_IRC 005 * 
>> :FT_IRC 375 * :-Message of the day
>> :FT_IRC 372 * :-MOTD MAIN BODY
>> :FT_IRC 376 * :End of /MOTD command
>> :FT_IRC 421 * MODE :Unknown command
>> :FT_IRC 421 * WHOIS :Unknown command
<< PING FT_IRC
>> :FT_IRC 421 * PING :Unknown command
<< PRIVMSG newtest :BOT
>> :FT_IRC 401 * newtest :No such nick
<< NICK tester
>> :*!jebucoy@jebucoy NICK :tester
<< PRIVMSG jebucoy :BOT
