<< CAP LS
<< PASS hello
<< NICK h
<< USER hbui-vu hbui-vu localhost :hbui-vu
>> CAP * LS :
<< CAP END
>> :FT_IRC 001 h :Welcome to the Internet Relay Network h!~hbui-vu@hbui-vu
<< MODE h +i
>> :FT_IRC 002 h :Your host is FT_IRC
>> :FT_IRC 003 h :This server was created February 29, 2024
>> :FT_IRC 004 h :FT_IRC v1 io iotkl
>> :FT_IRC 005 h CHANMODES=,k,l,it :are supported by this server
>> :FT_IRC 375 h :-Message of the day
>> :FT_IRC 372 h :This is ft-IRC
>> :FT_IRC 372 h :≽^•⩊•^≼
>> :FT_IRC 372 h :creators: Huong, Jensen, Hadi
>> :FT_IRC 376 h :End of /MOTD command
<< PING FT_IRC
>> PONG :FT_IRC
--> lag pong
<< NICK bbb
>> :h!~hbui-vu@hbui-vu NICK :bbb
<< PING FT_IRC
>> PONG :FT_IRC
--> lag pong
<< PING FT_IRC
>> PONG :FT_IRC
--> lag pong
<< CAP LS
<< PASS hello
<< NICK h
<< USER hbui-vu hbui-vu localhost :hbui-vu
>> CAP * LS :
<< CAP END
>> :FT_IRC 433 * h :Nickname already in use
<< NICK h_
>> :FT_IRC 001 * :Welcome to the Internet Relay Network h_!~hbui-vu@hbui-vu
<< MODE * +i
<< WHOIS h
>> :FT_IRC 002 * :Your host is FT_IRC
>> :FT_IRC 003 * :This server was created February 29, 2024
>> :FT_IRC 004 * :FT_IRC v1 io iotkl
>> :FT_IRC 005 * CHANMODES=,k,l,it :are supported by this server
>> :FT_IRC 375 * :-Message of the day
>> :FT_IRC 372 * :This is ft-IRC
>> :FT_IRC 372 * :≽^•⩊•^≼
>> :FT_IRC 372 * :creators: Huong, Jensen, Hadi
>> :FT_IRC 376 * :End of /MOTD command
>> :FT_IRC 311 h_ h hbui-vu hbui-vu * :hbui-vu
--> nickfind event whois
>> :FT_IRC 312 h_ h localhost :FT_IRC
--> event empty
>> :FT_IRC 318 h_ :End of /WHOIS list
--> event empty
<< PING FT_IRC
>> PONG :FT_IRC
--> lag pong
<< NICK aaa
>> :h_!~hbui-vu@hbui-vu NICK :aaa
<< NICK bbb
>> :FT_IRC 433 * bbb :Nickname already in use
<< NICK aaa
>> :FT_IRC 433 * aaa :Nickname already in use
<< NICK aaa
>> :FT_IRC 433 * aaa :Nickname already in use
<< NICK ccc
>> :aaa!hbui-vu@hbui-vu NICK :ccc
<< NICK ccc
>> :FT_IRC 433 * ccc :Nickname already in use
<< NICK aaa
>> :ccc!hbui-vu@hbui-vu NICK :aaa
<< PING FT_IRC
>> PONG :FT_IRC
--> lag pong
<< PING FT_IRC
>> PONG :FT_IRC
--> lag pong
