<< CAP LS
<< NICK h
<< USER hbui-vu hbui-vu irc.libera.chat :hbui-vu
>> :iridium.libera.chat NOTICE * :*** Checking Ident
>> :iridium.libera.chat NOTICE * :*** Looking up your hostname...
>> :iridium.libera.chat NOTICE * :*** Found your hostname: bba-217-165-150-155.alshamil.net.ae
>> :iridium.libera.chat NOTICE * :*** No Ident response
>> :iridium.libera.chat CAP * LS :account-notify away-notify chghost extended-join multi-prefix sasl tls account-tag cap-notify echo-message server-time solanum.chat/identify-msg solanum.chat/oper solanum.chat/realhost
<< CAP REQ :multi-prefix
>> :iridium.libera.chat 433 * h :Nickname is already in use.
<< NICK h_
>> :iridium.libera.chat CAP * ACK :multi-prefix
<< CAP END
>> :iridium.libera.chat 433 * h_ :Nickname is already in use.
<< NICK h__
>> :iridium.libera.chat 433 * h__ :Nickname is already in use.
<< NICK h___
>> :iridium.libera.chat 001 h___ :Welcome to the Libera.Chat Internet Relay Chat Network h___
>> :iridium.libera.chat 002 h___ :Your host is iridium.libera.chat[188.240.145.100/6697], running version solanum-1.0-dev
>> :iridium.libera.chat 003 h___ :This server was created Thu Nov 16 2023 at 06:25:11 UTC
>> :iridium.libera.chat 004 h___ iridium.libera.chat solanum-1.0-dev DGIMQRSZaghilopsuwz CFILMPQRSTbcefgijklmnopqrstuvz bkloveqjfI
>> :iridium.libera.chat 005 h___ ACCOUNTEXTBAN=a KNOCK SAFELIST ELIST=CMNTU MONITOR=100 CALLERID=g FNC WHOX ETRACE CHANTYPES=# EXCEPTS INVEX :are supported by this server
>> :iridium.libera.chat 005 h___ CHANMODES=eIbq,k,flj,CFLMPQRSTcgimnprstuz CHANLIMIT=#:250 PREFIX=(ov)@+ MAXLIST=bqeI:100 MODES=4 NETWORK=Libera.Chat STATUSMSG=@+ CASEMAPPING=rfc1459 NICKLEN=16 MAXNICKLEN=16 CHANNELLEN=50 TOPICLEN=390 :are supported by this server
>> :iridium.libera.chat 005 h___ DEAF=D TARGMAX=NAMES:1,LIST:1,KICK:1,WHOIS:1,PRIVMSG:4,NOTICE:4,ACCEPT:,MONITOR: EXTBAN=$,agjrxz :are supported by this server
>> :iridium.libera.chat 251 h___ :There are 70 users and 35069 invisible on 28 servers
>> :iridium.libera.chat 252 h___ 39 :IRC Operators online
>> :iridium.libera.chat 253 h___ 58 :unknown connection(s)
>> :iridium.libera.chat 254 h___ 22795 :channels formed
>> :iridium.libera.chat 255 h___ :I have 2325 clients and 1 servers
>> :iridium.libera.chat 265 h___ 2325 2660 :Current local users 2325, max 2660
>> :iridium.libera.chat 266 h___ 35139 36895 :Current global users 35139, max 36895
>> :iridium.libera.chat 250 h___ :Highest connection count: 2661 (2660 clients) (263076 connections received)
>> :iridium.libera.chat 375 h___ :- iridium.libera.chat Message of the Day - 
>> :iridium.libera.chat 372 h___ :- This server provided by NORDUnet/SUNET
>> :iridium.libera.chat 372 h___ :- Welcome to Libera Chat, the IRC network for
>> :iridium.libera.chat 372 h___ :- free & open-source software and peer directed projects.
>> :iridium.libera.chat 372 h___ :-  
>> :iridium.libera.chat 372 h___ :- Use of Libera Chat is governed by our network policies.
>> :iridium.libera.chat 372 h___ :-  
>> :iridium.libera.chat 372 h___ :- To reduce network abuses we perform open proxy checks
>> :iridium.libera.chat 372 h___ :- on hosts at connection time.
>> :iridium.libera.chat 372 h___ :-  
>> :iridium.libera.chat 372 h___ :- Please visit us in #libera for questions and support.
>> :iridium.libera.chat 372 h___ :-  
>> :iridium.libera.chat 372 h___ :- Website and documentation:  https://libera.chat
>> :iridium.libera.chat 372 h___ :- Webchat:                    https://web.libera.chat
>> :iridium.libera.chat 372 h___ :- Network policies:           https://libera.chat/policies
>> :iridium.libera.chat 372 h___ :- Email:                      support@libera.chat
>> :iridium.libera.chat 376 h___ :End of /MOTD command.
>> :h___ MODE h___ :+Ziw
<< MODE h___ +i
<< WHOIS h
>> :iridium.libera.chat 311 h___ h h capatcha.oddprotocol.org * :h
--> nickfind event whois
>> :iridium.libera.chat 312 h___ h molybdenum.libera.chat :Quebec, CA
--> event empty
>> :iridium.libera.chat 671 h___ h :is using a secure connection
--> event empty
>> :iridium.libera.chat 338 h___ h 2605:6400:30:fc15:e151:9ca6:a143:1ad7 :actually using host
--> event empty
>> :iridium.libera.chat 318 h___ h :End of /WHOIS list.
--> event empty
<< JOIN #chan1
>> :h___!~hbui-vu@bba-217-165-150-155.alshamil.net.ae JOIN #chan1
>> :iridium.libera.chat MODE #chan1 +Cnst
>> :iridium.libera.chat 353 h___ @ #chan1 :@h___
>> :iridium.libera.chat 366 h___ #chan1 :End of /NAMES list.
<< MODE #chan1
>> :iridium.libera.chat 324 h___ #chan1 +Cnst
--> chanquery mode
>> :iridium.libera.chat 329 h___ #chan1 1709584384
--> event 329
<< WHO #chan1
>> :iridium.libera.chat 352 h___ #chan1 ~hbui-vu bba-217-165-150-155.alshamil.net.ae iridium.libera.chat h___ H@ :0 hbui-vu
--> silent event who
>> :iridium.libera.chat 315 h___ #chan1 :End of /WHO list.
--> chanquery who end
<< MODE #chan1 b
>> :iridium.libera.chat 368 h___ #chan1 :End of Channel Ban List
--> chanquery ban end
>> :h____!~hbui-vu@bba-217-165-150-155.alshamil.net.ae JOIN #chan1
<< PING iridium.libera.chat
>> :iridium.libera.chat PONG iridium.libera.chat :iridium.libera.chat
--> lag pong
>> :h____!~hbui-vu@bba-217-165-150-155.alshamil.net.ae QUIT :Client Quit
<< CAP LS
<< NICK h
<< USER hbui-vu hbui-vu irc.libera.chat :hbui-vu
>> :iridium.libera.chat NOTICE * :*** Checking Ident
>> :iridium.libera.chat NOTICE * :*** Looking up your hostname...
>> :iridium.libera.chat NOTICE * :*** Found your hostname: bba-217-165-150-155.alshamil.net.ae
>> :iridium.libera.chat NOTICE * :*** No Ident response
>> :iridium.libera.chat CAP * LS :account-notify away-notify chghost extended-join multi-prefix sasl tls account-tag cap-notify echo-message server-time solanum.chat/identify-msg solanum.chat/oper solanum.chat/realhost
<< CAP REQ :multi-prefix
>> :iridium.libera.chat 433 * h :Nickname is already in use.
<< NICK h_
>> :iridium.libera.chat CAP * ACK :multi-prefix
<< CAP END
>> :iridium.libera.chat 433 * h_ :Nickname is already in use.
<< NICK h__
>> :iridium.libera.chat 433 * h__ :Nickname is already in use.
<< NICK h___
>> :iridium.libera.chat 001 h___ :Welcome to the Libera.Chat Internet Relay Chat Network h___
>> :iridium.libera.chat 002 h___ :Your host is iridium.libera.chat[188.240.145.100/6697], running version solanum-1.0-dev
>> :iridium.libera.chat 003 h___ :This server was created Thu Nov 16 2023 at 06:25:11 UTC
>> :iridium.libera.chat 004 h___ iridium.libera.chat solanum-1.0-dev DGIMQRSZaghilopsuwz CFILMPQRSTbcefgijklmnopqrstuvz bkloveqjfI
>> :iridium.libera.chat 005 h___ ACCOUNTEXTBAN=a KNOCK SAFELIST ELIST=CMNTU MONITOR=100 CALLERID=g FNC WHOX ETRACE CHANTYPES=# EXCEPTS INVEX :are supported by this server
>> :iridium.libera.chat 005 h___ CHANMODES=eIbq,k,flj,CFLMPQRSTcgimnprstuz CHANLIMIT=#:250 PREFIX=(ov)@+ MAXLIST=bqeI:100 MODES=4 NETWORK=Libera.Chat STATUSMSG=@+ CASEMAPPING=rfc1459 NICKLEN=16 MAXNICKLEN=16 CHANNELLEN=50 TOPICLEN=390 :are supported by this server
>> :iridium.libera.chat 005 h___ DEAF=D TARGMAX=NAMES:1,LIST:1,KICK:1,WHOIS:1,PRIVMSG:4,NOTICE:4,ACCEPT:,MONITOR: EXTBAN=$,agjrxz :are supported by this server
>> :iridium.libera.chat 251 h___ :There are 70 users and 35069 invisible on 28 servers
>> :iridium.libera.chat 252 h___ 39 :IRC Operators online
>> :iridium.libera.chat 253 h___ 58 :unknown connection(s)
>> :iridium.libera.chat 254 h___ 22795 :channels formed
>> :iridium.libera.chat 255 h___ :I have 2325 clients and 1 servers
>> :iridium.libera.chat 265 h___ 2325 2660 :Current local users 2325, max 2660
>> :iridium.libera.chat 266 h___ 35139 36895 :Current global users 35139, max 36895
>> :iridium.libera.chat 250 h___ :Highest connection count: 2661 (2660 clients) (263076 connections received)
>> :iridium.libera.chat 375 h___ :- iridium.libera.chat Message of the Day - 
>> :iridium.libera.chat 372 h___ :- This server provided by NORDUnet/SUNET
>> :iridium.libera.chat 372 h___ :- Welcome to Libera Chat, the IRC network for
>> :iridium.libera.chat 372 h___ :- free & open-source software and peer directed projects.
>> :iridium.libera.chat 372 h___ :-  
>> :iridium.libera.chat 372 h___ :- Use of Libera Chat is governed by our network policies.
>> :iridium.libera.chat 372 h___ :-  
>> :iridium.libera.chat 372 h___ :- To reduce network abuses we perform open proxy checks
>> :iridium.libera.chat 372 h___ :- on hosts at connection time.
>> :iridium.libera.chat 372 h___ :-  
>> :iridium.libera.chat 372 h___ :- Please visit us in #libera for questions and support.
>> :iridium.libera.chat 372 h___ :-  
>> :iridium.libera.chat 372 h___ :- Website and documentation:  https://libera.chat
>> :iridium.libera.chat 372 h___ :- Webchat:                    https://web.libera.chat
>> :iridium.libera.chat 372 h___ :- Network policies:           https://libera.chat/policies
>> :iridium.libera.chat 372 h___ :- Email:                      support@libera.chat
>> :iridium.libera.chat 376 h___ :End of /MOTD command.
>> :h___ MODE h___ :+Ziw
<< MODE h___ +i
<< WHOIS h
>> :iridium.libera.chat 311 h___ h h capatcha.oddprotocol.org * :h
--> nickfind event whois
>> :iridium.libera.chat 312 h___ h molybdenum.libera.chat :Quebec, CA
--> event empty
>> :iridium.libera.chat 671 h___ h :is using a secure connection
--> event empty
>> :iridium.libera.chat 338 h___ h 2605:6400:30:fc15:e151:9ca6:a143:1ad7 :actually using host
--> event empty
>> :iridium.libera.chat 318 h___ h :End of /WHOIS list.
--> event empty
<< JOIN #chan1
>> :h___!~hbui-vu@bba-217-165-150-155.alshamil.net.ae JOIN #chan1
>> :iridium.libera.chat MODE #chan1 +Cnst
>> :iridium.libera.chat 353 h___ @ #chan1 :@h___
>> :iridium.libera.chat 366 h___ #chan1 :End of /NAMES list.
<< MODE #chan1
>> :iridium.libera.chat 324 h___ #chan1 +Cnst
--> chanquery mode
>> :iridium.libera.chat 329 h___ #chan1 1709584384
--> event 329
<< WHO #chan1
>> :iridium.libera.chat 352 h___ #chan1 ~hbui-vu bba-217-165-150-155.alshamil.net.ae iridium.libera.chat h___ H@ :0 hbui-vu
--> silent event who
>> :iridium.libera.chat 315 h___ #chan1 :End of /WHO list.
--> chanquery who end
<< MODE #chan1 b
>> :iridium.libera.chat 368 h___ #chan1 :End of Channel Ban List
--> chanquery ban end
>> :h____!~hbui-vu@bba-217-165-150-155.alshamil.net.ae JOIN #chan1
<< PING iridium.libera.chat
>> :iridium.libera.chat PONG iridium.libera.chat :iridium.libera.chat
--> lag pong
>> :h____!~hbui-vu@bba-217-165-150-155.alshamil.net.ae QUIT :Client Quit
<< PING iridium.libera.chat
>> :iridium.libera.chat PONG iridium.libera.chat :iridium.libera.chat
--> lag pong
<< PING iridium.libera.chat
>> :iridium.libera.chat PONG iridium.libera.chat :iridium.libera.chat
--> lag pong
<< PING iridium.libera.chat
>> :iridium.libera.chat PONG iridium.libera.chat :iridium.libera.chat
--> lag pong
<< KICK #chan1 h___ :
>> :h___!~hbui-vu@bba-217-165-150-155.alshamil.net.ae KICK #chan1 h___ :h___
<< JOIN #chan1
>> :h___!~hbui-vu@bba-217-165-150-155.alshamil.net.ae JOIN #chan1
>> :iridium.libera.chat MODE #chan1 +Cnst
>> :iridium.libera.chat 353 h___ @ #chan1 :@h___
>> :iridium.libera.chat 366 h___ #chan1 :End of /NAMES list.
<< MODE #chan1
>> :iridium.libera.chat 324 h___ #chan1 +Cnst
--> chanquery mode
<< WHO #chan1
>> :iridium.libera.chat 329 h___ #chan1 1709584634
--> event 329
>> :iridium.libera.chat 352 h___ #chan1 ~hbui-vu bba-217-165-150-155.alshamil.net.ae iridium.libera.chat h___ H@ :0 hbui-vu
--> silent event who
>> :iridium.libera.chat 315 h___ #chan1 :End of /WHO list.
--> chanquery who end
<< MODE #chan1 b
>> :iridium.libera.chat 368 h___ #chan1 :End of Channel Ban List
--> chanquery ban end
<< PING iridium.libera.chat
>> :iridium.libera.chat PONG iridium.libera.chat :iridium.libera.chat
--> lag pong
<< PART #chan1
>> :h___!~hbui-vu@bba-217-165-150-155.alshamil.net.ae PART #chan1
<< NICK h_
>> :iridium.libera.chat 433 h___ h_ :Nickname is already in use.
<< NICK h___
<< NICK h___
<< NICK h___b
>> :h___!~hbui-vu@bba-217-165-150-155.alshamil.net.ae NICK :h___b
<< PING iridium.libera.chat
>> :iridium.libera.chat PONG iridium.libera.chat :iridium.libera.chat
--> lag pong
<< JOIN #chan1
>> :h___b!~hbui-vu@bba-217-165-150-155.alshamil.net.ae JOIN #chan1
>> :iridium.libera.chat MODE #chan1 +Cnst
>> :iridium.libera.chat 353 h___b @ #chan1 :@h___b
>> :iridium.libera.chat 366 h___b #chan1 :End of /NAMES list.
<< MODE #chan1
>> :iridium.libera.chat 324 h___b #chan1 +Cnst
--> chanquery mode
<< WHO #chan1
>> :iridium.libera.chat 329 h___b #chan1 1709584705
--> event 329
>> :iridium.libera.chat 352 h___b #chan1 ~hbui-vu bba-217-165-150-155.alshamil.net.ae iridium.libera.chat h___b H@ :0 hbui-vu
--> silent event who
>> :iridium.libera.chat 315 h___b #chan1 :End of /WHO list.
--> chanquery who end
<< MODE #chan1 b
>> :iridium.libera.chat 368 h___b #chan1 :End of Channel Ban List
--> chanquery ban end
>> :h___a!~hbui-vu@bba-217-165-150-155.alshamil.net.ae JOIN #chan1
>> :h___a!~hbui-vu@bba-217-165-150-155.alshamil.net.ae QUIT :Client Quit
