>> :tantalum.libera.chat NOTICE * :*** Checking Ident
>> :tantalum.libera.chat NOTICE * :*** Looking up your hostname...
>> :tantalum.libera.chat NOTICE * :*** Couldn't look up your hostname
>> :tantalum.libera.chat NOTICE * :*** No Ident response
>> :tantalum.libera.chat CAP * LS :account-notify away-notify chghost extended-join multi-prefix sasl tls account-tag cap-notify echo-message server-time solanum.chat/identify-msg solanum.chat/oper solanum.chat/realhost
<< CAP REQ :multi-prefix
>> :tantalum.libera.chat 433 * h :Nickname is already in use.
<< NICK h_
>> :tantalum.libera.chat CAP * ACK :multi-prefix
<< CAP END
>> :tantalum.libera.chat 433 * h_ :Nickname is already in use.
<< NICK h__
>> :tantalum.libera.chat 433 * h__ :Nickname is already in use.
<< NICK h___
>> :tantalum.libera.chat 001 h___ :Welcome to the Libera.Chat Internet Relay Chat Network h___
>> :tantalum.libera.chat 002 h___ :Your host is tantalum.libera.chat[93.158.237.2/6697], running version solanum-1.0-dev
>> :tantalum.libera.chat 003 h___ :This server was created Sat Nov 18 2023 at 03:37:54 UTC
>> :tantalum.libera.chat 004 h___ tantalum.libera.chat solanum-1.0-dev DGIMQRSZaghilopsuwz CFILMPQRSTbcefgijklmnopqrstuvz bkloveqjfI
>> :tantalum.libera.chat 005 h___ ACCOUNTEXTBAN=a WHOX MONITOR=100 SAFELIST ELIST=CMNTU ETRACE FNC CALLERID=g KNOCK CHANTYPES=# EXCEPTS INVEX :are supported by this server
>> :tantalum.libera.chat 005 h___ CHANMODES=eIbq,k,flj,CFLMPQRSTcgimnprstuz CHANLIMIT=#:250 PREFIX=(ov)@+ MAXLIST=bqeI:100 MODES=4 NETWORK=Libera.Chat STATUSMSG=@+ CASEMAPPING=rfc1459 NICKLEN=16 MAXNICKLEN=16 CHANNELLEN=50 TOPICLEN=390 :are supported by this server
>> :tantalum.libera.chat 005 h___ DEAF=D TARGMAX=NAMES:1,LIST:1,KICK:1,WHOIS:1,PRIVMSG:4,NOTICE:4,ACCEPT:,MONITOR: EXTBAN=$,agjrxz :are supported by this server
>> :tantalum.libera.chat 251 h___ :There are 65 users and 33015 invisible on 28 servers
>> :tantalum.libera.chat 252 h___ 40 :IRC Operators online
>> :tantalum.libera.chat 253 h___ 164 :unknown connection(s)
>> :tantalum.libera.chat 254 h___ 22600 :channels formed
>> :tantalum.libera.chat 255 h___ :I have 2173 clients and 1 servers
>> :tantalum.libera.chat 265 h___ 2173 2714 :Current local users 2173, max 2714
>> :tantalum.libera.chat 266 h___ 33080 36895 :Current global users 33080, max 36895
>> :tantalum.libera.chat 250 h___ :Highest connection count: 2715 (2714 clients) (330519 connections received)
>> :tantalum.libera.chat 375 h___ :- tantalum.libera.chat Message of the Day - 
>> :tantalum.libera.chat 372 h___ :- This server provided by Hyperfilter (https://hyperfilter.com)
>> :tantalum.libera.chat 372 h___ :-  
>> :tantalum.libera.chat 372 h___ :-  
>> :tantalum.libera.chat 372 h___ :- Welcome to Libera Chat, the IRC network for
>> :tantalum.libera.chat 372 h___ :- free & open-source software and peer directed projects.
>> :tantalum.libera.chat 372 h___ :-  
>> :tantalum.libera.chat 372 h___ :- Use of Libera Chat is governed by our network policies.
>> :tantalum.libera.chat 372 h___ :-  
>> :tantalum.libera.chat 372 h___ :- To reduce network abuses we perform open proxy checks
>> :tantalum.libera.chat 372 h___ :- on hosts at connection time.
>> :tantalum.libera.chat 372 h___ :-  
>> :tantalum.libera.chat 372 h___ :- Please visit us in #libera for questions and support.
>> :tantalum.libera.chat 372 h___ :-  
>> :tantalum.libera.chat 372 h___ :- Website and documentation:  https://libera.chat
>> :tantalum.libera.chat 372 h___ :- Webchat:                    https://web.libera.chat
>> :tantalum.libera.chat 372 h___ :- Network policies:           https://libera.chat/policies
>> :tantalum.libera.chat 372 h___ :- Email:                      support@libera.chat
>> :tantalum.libera.chat 376 h___ :End of /MOTD command.
>> :h___ MODE h___ :+Ziw
<< MODE h___ +i
<< WHOIS h
>> :tantalum.libera.chat 311 h___ h h capatcha.oddprotocol.org * :h
--> nickfind event whois
>> :tantalum.libera.chat 312 h___ h zirconium.libera.chat :Milano, IT
--> event empty
>> :tantalum.libera.chat 671 h___ h :is using a secure connection
--> event empty
>> :tantalum.libera.chat 338 h___ h 2605:6400:30:fc15:e151:9ca6:a143:1ad7 :actually using host
--> event empty
>> :tantalum.libera.chat 318 h___ h :End of /WHOIS list.
--> event empty
<< PING tantalum.libera.chat
>> :tantalum.libera.chat PONG tantalum.libera.chat :tantalum.libera.chat
--> lag pong
<< NICK world
>> :h___!~hbui-vu@31.215.5.208 NICK :world
>> :NickServ!NickServ@services.libera.chat NOTICE world :This nickname is registered. Please choose a different nickname, or identify via /msg NickServ IDENTIFY earth <password>
<< PING tantalum.libera.chat
>> :tantalum.libera.chat PONG tantalum.libera.chat :tantalum.libera.chat
--> lag pong
<< PING tantalum.libera.chat
>> :tantalum.libera.chat PONG tantalum.libera.chat :tantalum.libera.chat
--> lag pong
<< PING tantalum.libera.chat
>> :tantalum.libera.chat PONG tantalum.libera.chat :tantalum.libera.chat
--> lag pong
<< PING tantalum.libera.chat
>> :tantalum.libera.chat PONG tantalum.libera.chat :tantalum.libera.chat
--> lag pong
<< PING tantalum.libera.chat
>> :tantalum.libera.chat PONG tantalum.libera.chat :tantalum.libera.chat
--> lag pong
<< PING tantalum.libera.chat
>> :tantalum.libera.chat PONG tantalum.libera.chat :tantalum.libera.chat
--> lag pong
<< PING tantalum.libera.chat
>> :tantalum.libera.chat PONG tantalum.libera.chat :tantalum.libera.chat
--> lag pong
<< PING tantalum.libera.chat
>> :tantalum.libera.chat PONG tantalum.libera.chat :tantalum.libera.chat
--> lag pong
<< PING tantalum.libera.chat
>> :tantalum.libera.chat PONG tantalum.libera.chat :tantalum.libera.chat
--> lag pong
<< PING tantalum.libera.chat
>> :tantalum.libera.chat PONG tantalum.libera.chat :tantalum.libera.chat
--> lag pong
<< PING tantalum.libera.chat
>> :tantalum.libera.chat PONG tantalum.libera.chat :tantalum.libera.chat
--> lag pong
<< PING tantalum.libera.chat
>> :tantalum.libera.chat PONG tantalum.libera.chat :tantalum.libera.chat
--> lag pong
<< PING tantalum.libera.chat
>> :tantalum.libera.chat PONG tantalum.libera.chat :tantalum.libera.chat
--> lag pong
<< PING tantalum.libera.chat
>> :tantalum.libera.chat PONG tantalum.libera.chat :tantalum.libera.chat
--> lag pong
<< PING tantalum.libera.chat
>> :tantalum.libera.chat PONG tantalum.libera.chat :tantalum.libera.chat
--> lag pong
<< PING tantalum.libera.chat
>> :tantalum.libera.chat PONG tantalum.libera.chat :tantalum.libera.chat
--> lag pong
<< PING tantalum.libera.chat
>> :tantalum.libera.chat PONG tantalum.libera.chat :tantalum.libera.chat
--> lag pong
<< PING tantalum.libera.chat
>> :tantalum.libera.chat PONG tantalum.libera.chat :tantalum.libera.chat
--> lag pong
<< PING tantalum.libera.chat
>> :tantalum.libera.chat PONG tantalum.libera.chat :tantalum.libera.chat
--> lag pong
<< motd
>> :tantalum.libera.chat 375 world :- tantalum.libera.chat Message of the Day - 
>> :tantalum.libera.chat 372 world :- This server provided by Hyperfilter (https://hyperfilter.com)
>> :tantalum.libera.chat 372 world :-  
>> :tantalum.libera.chat 372 world :-  
>> :tantalum.libera.chat 372 world :- Welcome to Libera Chat, the IRC network for
>> :tantalum.libera.chat 372 world :- free & open-source software and peer directed projects.
>> :tantalum.libera.chat 372 world :-  
>> :tantalum.libera.chat 372 world :- Use of Libera Chat is governed by our network policies.
>> :tantalum.libera.chat 372 world :-  
>> :tantalum.libera.chat 372 world :- To reduce network abuses we perform open proxy checks
>> :tantalum.libera.chat 372 world :- on hosts at connection time.
>> :tantalum.libera.chat 372 world :-  
>> :tantalum.libera.chat 372 world :- Please visit us in #libera for questions and support.
>> :tantalum.libera.chat 372 world :-  
>> :tantalum.libera.chat 372 world :- Website and documentation:  https://libera.chat
>> :tantalum.libera.chat 372 world :- Webchat:                    https://web.libera.chat
>> :tantalum.libera.chat 372 world :- Network policies:           https://libera.chat/policies
>> :tantalum.libera.chat 372 world :- Email:                      support@libera.chat
>> :tantalum.libera.chat 376 world :End of /MOTD command.
<< PING tantalum.libera.chat
>> :tantalum.libera.chat PONG tantalum.libera.chat :tantalum.libera.chat
--> lag pong
<< PING tantalum.libera.chat
>> :tantalum.libera.chat PONG tantalum.libera.chat :tantalum.libera.chat
--> lag pong
<< PING tantalum.libera.chat
>> :tantalum.libera.chat PONG tantalum.libera.chat :tantalum.libera.chat
--> lag pong
<< NICK js
>> :tantalum.libera.chat 433 world js :Nickname is already in use.
<< PING tantalum.libera.chat
>> :tantalum.libera.chat PONG tantalum.libera.chat :tantalum.libera.chat
--> lag pong
<< PING tantalum.libera.chat
>> :tantalum.libera.chat PONG tantalum.libera.chat :tantalum.libera.chat
--> lag pong
<< PING tantalum.libera.chat
>> :tantalum.libera.chat PONG tantalum.libera.chat :tantalum.libera.chat
--> lag pong
<< userhost h 0 * hello world
>> :tantalum.libera.chat 302 world :h=+h@capatcha.oddprotocol.org hello=+~bert@gateway/vpn/pia/hello world=+~hbui-vu@31.215.5.208 
<< userhost 0 * :guest
>> :tantalum.libera.chat 302 world :Guest=+~Guest@ool-457a18a5.dyn.optonline.net 
<< PING tantalum.libera.chat
>> :tantalum.libera.chat PONG tantalum.libera.chat :tantalum.libera.chat
--> lag pong
<< userhost guest 0 * :h b
>> :tantalum.libera.chat 302 world :Guest=+~Guest@ool-457a18a5.dyn.optonline.net 
<< PING tantalum.libera.chat
>> :tantalum.libera.chat PONG tantalum.libera.chat :tantalum.libera.chat
--> FAILED userhost
--> FAILED userhost
--> lag pong
<< userhost 0 0 0 
>> :tantalum.libera.chat 302 world :
<< userhost
>> :tantalum.libera.chat 461 world USERHOST :Not enough parameters
<< userhost 1
>> :tantalum.libera.chat 302 world :
<< userhost gue 0 * hmm
>> :tantalum.libera.chat 302 world :gue=+gue@2605:6400:c847:1462::2641 
<< PING tantalum.libera.chat
>> :tantalum.libera.chat PONG tantalum.libera.chat :tantalum.libera.chat
--> FAILED userhost
--> lag pong
<< PING tantalum.libera.chat
>> :tantalum.libera.chat PONG tantalum.libera.chat :tantalum.libera.chat
--> FAILED userhost
--> FAILED userhost
--> FAILED userhost
--> FAILED userhost
--> lag pong
<< PING tantalum.libera.chat
>> :tantalum.libera.chat PONG tantalum.libera.chat :tantalum.libera.chat
--> lag pong
