<< CAP LS 302
<< JOIN :
>> :erbium.libera.chat NOTICE * :*** Checking Ident
>> :erbium.libera.chat NOTICE * :*** Looking up your hostname...
>> :erbium.libera.chat NOTICE * :*** No Ident response
>> :erbium.libera.chat NOTICE * :*** Couldn't look up your hostname
>> :erbium.libera.chat CAP * LS :account-notify away-notify chghost extended-join multi-prefix sasl=PLAIN,ECDSA-NIST256P-CHALLENGE,EXTERNAL,SCRAM-SHA-512,SCRAM-SHA-256,SCRAM-SHA-1 tls account-tag cap-notify echo-message server-time solanum.chat/identify-msg solanum.chat/oper solanum.chat/realhost
<< CAP REQ :multi-prefix extended-join away-notify chghost account-notify server-time
>> :erbium.libera.chat 451 * :You have not registered
>> :erbium.libera.chat CAP * ACK :multi-prefix extended-join away-notify chghost account-notify server-time
<< CAP END
<< NICK user
<< USER user user irc.libera.chat :Unknown
>> @time=2024-02-20T12:10:54.082Z :erbium.libera.chat 001 user :Welcome to the Libera.Chat Internet Relay Chat Network user
>> @time=2024-02-20T12:10:54.082Z :erbium.libera.chat 002 user :Your host is erbium.libera.chat[82.96.96.60/6697], running version solanum-1.0-dev
>> @time=2024-02-20T12:10:54.082Z :erbium.libera.chat 003 user :This server was created Tue Nov 14 2023 at 21:13:03 UTC
>> @time=2024-02-20T12:10:54.082Z :erbium.libera.chat 004 user erbium.libera.chat solanum-1.0-dev DGIMQRSZaghilopsuwz CFILMPQRSTbcefgijklmnopqrstuvz bkloveqjfI
>> @time=2024-02-20T12:10:54.082Z :erbium.libera.chat 005 user ACCOUNTEXTBAN=a SAFELIST ELIST=CMNTU MONITOR=100 FNC WHOX ETRACE KNOCK CALLERID=g CHANTYPES=# EXCEPTS INVEX :are supported by this server
>> @time=2024-02-20T12:10:54.082Z :erbium.libera.chat 005 user CHANMODES=eIbq,k,flj,CFLMPQRSTcgimnprstuz CHANLIMIT=#:250 PREFIX=(ov)@+ MAXLIST=bqeI:100 MODES=4 NETWORK=Libera.Chat STATUSMSG=@+ CASEMAPPING=rfc1459 NICKLEN=16 MAXNICKLEN=16 CHANNELLEN=50 TOPICLEN=390 :are supported by this server
>> @time=2024-02-20T12:10:54.082Z :erbium.libera.chat 005 user DEAF=D TARGMAX=NAMES:1,LIST:1,KICK:1,WHOIS:1,PRIVMSG:4,NOTICE:4,ACCEPT:,MONITOR: EXTBAN=$,agjrxz :are supported by this server
>> @time=2024-02-20T12:10:54.082Z :erbium.libera.chat 251 user :There are 67 users and 35417 invisible on 28 servers
>> @time=2024-02-20T12:10:54.082Z :erbium.libera.chat 252 user 42 :IRC Operators online
>> @time=2024-02-20T12:10:54.082Z :erbium.libera.chat 253 user 186 :unknown connection(s)
>> @time=2024-02-20T12:10:54.082Z :erbium.libera.chat 254 user 22790 :channels formed
>> @time=2024-02-20T12:10:54.082Z :erbium.libera.chat 255 user :I have 2368 clients and 1 servers
>> @time=2024-02-20T12:10:54.082Z :erbium.libera.chat 265 user 2368 3031 :Current local users 2368, max 3031
>> @time=2024-02-20T12:10:54.082Z :erbium.libera.chat 266 user 35484 36895 :Current global users 35484, max 36895
>> @time=2024-02-20T12:10:54.082Z :erbium.libera.chat 250 user :Highest connection count: 3032 (3031 clients) (222998 connections received)
>> @time=2024-02-20T12:10:54.082Z :erbium.libera.chat 375 user :- erbium.libera.chat Message of the Day -
>> @time=2024-02-20T12:10:54.082Z :erbium.libera.chat 372 user :- Welcome to Libera Chat, the IRC network for
>> @time=2024-02-20T12:10:54.082Z :erbium.libera.chat 372 user :- free & open-source software and peer directed projects.
>> @time=2024-02-20T12:10:54.082Z :erbium.libera.chat 372 user :-
>> @time=2024-02-20T12:10:54.082Z :erbium.libera.chat 372 user :- Use of Libera Chat is governed by our network policies.
>> @time=2024-02-20T12:10:54.082Z :erbium.libera.chat 372 user :-
>> @time=2024-02-20T12:10:54.082Z :erbium.libera.chat 372 user :- To reduce network abuses we perform open proxy checks
>> @time=2024-02-20T12:10:54.082Z :erbium.libera.chat 372 user :- on hosts at connection time.
>> @time=2024-02-20T12:10:54.082Z :erbium.libera.chat 372 user :-
>> @time=2024-02-20T12:10:54.082Z :erbium.libera.chat 372 user :- Please visit us in #libera for questions and support.
>> @time=2024-02-20T12:10:54.082Z :erbium.libera.chat 372 user :-
>> @time=2024-02-20T12:10:54.082Z :erbium.libera.chat 372 user :- Website and documentation:  https://libera.chat
>> @time=2024-02-20T12:10:54.082Z :erbium.libera.chat 372 user :- Webchat:                    https://web.libera.chat
>> @time=2024-02-20T12:10:54.082Z :erbium.libera.chat 372 user :- Network policies:           https://libera.chat/policies
>> @time=2024-02-20T12:10:54.082Z :erbium.libera.chat 372 user :- Email:                      support@libera.chat
>> @time=2024-02-20T12:10:54.082Z :erbium.libera.chat 376 user :End of /MOTD command.
>> @time=2024-02-20T12:10:54.082Z :user MODE user :+Ziw
>> @time=2024-02-20T12:10:54.101Z :NickServ!NickServ@services.libera.chat NOTICE user :This nickname is registered. Please choose a different nickname, or identify via /msg NickServ IDENTIFY user <password>
>> @time=2024-02-20T12:10:54.101Z :NickServ!NickServ@services.libera.chat NOTICE user :You have 1 seconds to identify to your nickname before it is changed.
>> @time=2024-02-20T12:10:55.051Z :NickServ!NickServ@services.libera.chat NOTICE user :You failed to identify in time for the nickname user
>> @time=2024-02-20T12:10:55.051Z :user!~user@5.195.225.158 NICK :Guest9089
<< MODE user +i
>> @time=2024-02-20T12:11:00.084Z :erbium.libera.chat 403 Guest9089 user :No such channel
<< PING erbium.libera.chat
>> @time=2024-02-20T12:11:01.348Z :erbium.libera.chat PONG erbium.libera.chat :erbium.libera.chat
--> lag pong
<< NICK shoodlemeep
>> @time=2024-02-20T12:11:12.529Z :Guest9089!~user@5.195.225.158 NICK :shoodlemeep
<< CAP LS 302
<< JOIN :
>> :erbium.libera.chat NOTICE * :*** Checking Ident
>> :erbium.libera.chat NOTICE * :*** Looking up your hostname...
>> :erbium.libera.chat NOTICE * :*** No Ident response
>> :erbium.libera.chat NOTICE * :*** Couldn't look up your hostname
>> :erbium.libera.chat CAP * LS :account-notify away-notify chghost extended-join multi-prefix sasl=PLAIN,ECDSA-NIST256P-CHALLENGE,EXTERNAL,SCRAM-SHA-512,SCRAM-SHA-256,SCRAM-SHA-1 tls account-tag cap-notify echo-message server-time solanum.chat/identify-msg solanum.chat/oper solanum.chat/realhost
<< CAP REQ :multi-prefix extended-join away-notify chghost account-notify server-time
>> :erbium.libera.chat 451 * :You have not registered
>> :erbium.libera.chat CAP * ACK :multi-prefix extended-join away-notify chghost account-notify server-time
<< CAP END
<< NICK user
<< USER user user irc.libera.chat :Unknown
>> @time=2024-02-20T12:10:54.082Z :erbium.libera.chat 001 user :Welcome to the Libera.Chat Internet Relay Chat Network user
>> @time=2024-02-20T12:10:54.082Z :erbium.libera.chat 002 user :Your host is erbium.libera.chat[82.96.96.60/6697], running version solanum-1.0-dev
>> @time=2024-02-20T12:10:54.082Z :erbium.libera.chat 003 user :This server was created Tue Nov 14 2023 at 21:13:03 UTC
>> @time=2024-02-20T12:10:54.082Z :erbium.libera.chat 004 user erbium.libera.chat solanum-1.0-dev DGIMQRSZaghilopsuwz CFILMPQRSTbcefgijklmnopqrstuvz bkloveqjfI
>> @time=2024-02-20T12:10:54.082Z :erbium.libera.chat 005 user ACCOUNTEXTBAN=a SAFELIST ELIST=CMNTU MONITOR=100 FNC WHOX ETRACE KNOCK CALLERID=g CHANTYPES=# EXCEPTS INVEX :are supported by this server
>> @time=2024-02-20T12:10:54.082Z :erbium.libera.chat 005 user CHANMODES=eIbq,k,flj,CFLMPQRSTcgimnprstuz CHANLIMIT=#:250 PREFIX=(ov)@+ MAXLIST=bqeI:100 MODES=4 NETWORK=Libera.Chat STATUSMSG=@+ CASEMAPPING=rfc1459 NICKLEN=16 MAXNICKLEN=16 CHANNELLEN=50 TOPICLEN=390 :are supported by this server
>> @time=2024-02-20T12:10:54.082Z :erbium.libera.chat 005 user DEAF=D TARGMAX=NAMES:1,LIST:1,KICK:1,WHOIS:1,PRIVMSG:4,NOTICE:4,ACCEPT:,MONITOR: EXTBAN=$,agjrxz :are supported by this server
>> @time=2024-02-20T12:10:54.082Z :erbium.libera.chat 251 user :There are 67 users and 35417 invisible on 28 servers
>> @time=2024-02-20T12:10:54.082Z :erbium.libera.chat 252 user 42 :IRC Operators online
>> @time=2024-02-20T12:10:54.082Z :erbium.libera.chat 253 user 186 :unknown connection(s)
>> @time=2024-02-20T12:10:54.082Z :erbium.libera.chat 254 user 22790 :channels formed
>> @time=2024-02-20T12:10:54.082Z :erbium.libera.chat 255 user :I have 2368 clients and 1 servers
>> @time=2024-02-20T12:10:54.082Z :erbium.libera.chat 265 user 2368 3031 :Current local users 2368, max 3031
>> @time=2024-02-20T12:10:54.082Z :erbium.libera.chat 266 user 35484 36895 :Current global users 35484, max 36895
>> @time=2024-02-20T12:10:54.082Z :erbium.libera.chat 250 user :Highest connection count: 3032 (3031 clients) (222998 connections received)
>> @time=2024-02-20T12:10:54.082Z :erbium.libera.chat 375 user :- erbium.libera.chat Message of the Day -
>> @time=2024-02-20T12:10:54.082Z :erbium.libera.chat 372 user :- Welcome to Libera Chat, the IRC network for
>> @time=2024-02-20T12:10:54.082Z :erbium.libera.chat 372 user :- free & open-source software and peer directed projects.
>> @time=2024-02-20T12:10:54.082Z :erbium.libera.chat 372 user :-
>> @time=2024-02-20T12:10:54.082Z :erbium.libera.chat 372 user :- Use of Libera Chat is governed by our network policies.
>> @time=2024-02-20T12:10:54.082Z :erbium.libera.chat 372 user :-
>> @time=2024-02-20T12:10:54.082Z :erbium.libera.chat 372 user :- To reduce network abuses we perform open proxy checks
>> @time=2024-02-20T12:10:54.082Z :erbium.libera.chat 372 user :- on hosts at connection time.
>> @time=2024-02-20T12:10:54.082Z :erbium.libera.chat 372 user :-
>> @time=2024-02-20T12:10:54.082Z :erbium.libera.chat 372 user :- Please visit us in #libera for questions and support.
>> @time=2024-02-20T12:10:54.082Z :erbium.libera.chat 372 user :-
>> @time=2024-02-20T12:10:54.082Z :erbium.libera.chat 372 user :- Website and documentation:  https://libera.chat
>> @time=2024-02-20T12:10:54.082Z :erbium.libera.chat 372 user :- Webchat:                    https://web.libera.chat
>> @time=2024-02-20T12:10:54.082Z :erbium.libera.chat 372 user :- Network policies:           https://libera.chat/policies
>> @time=2024-02-20T12:10:54.082Z :erbium.libera.chat 372 user :- Email:                      support@libera.chat
>> @time=2024-02-20T12:10:54.082Z :erbium.libera.chat 376 user :End of /MOTD command.
>> @time=2024-02-20T12:10:54.082Z :user MODE user :+Ziw
>> @time=2024-02-20T12:10:54.101Z :NickServ!NickServ@services.libera.chat NOTICE user :This nickname is registered. Please choose a different nickname, or identify via /msg NickServ IDENTIFY user <password>
>> @time=2024-02-20T12:10:54.101Z :NickServ!NickServ@services.libera.chat NOTICE user :You have 1 seconds to identify to your nickname before it is changed.
>> @time=2024-02-20T12:10:55.051Z :NickServ!NickServ@services.libera.chat NOTICE user :You failed to identify in time for the nickname user
>> @time=2024-02-20T12:10:55.051Z :user!~user@5.195.225.158 NICK :Guest9089
<< MODE user +i
>> @time=2024-02-20T12:11:00.084Z :erbium.libera.chat 403 Guest9089 user :No such channel
<< PING erbium.libera.chat
>> @time=2024-02-20T12:11:01.348Z :erbium.libera.chat PONG erbium.libera.chat :erbium.libera.chat
--> lag pong
<< NICK shoodlemeep
>> @time=2024-02-20T12:11:12.529Z :Guest9089!~user@5.195.225.158 NICK :shoodlemeep
<< PING erbium.libera.chat
>> @time=2024-02-20T12:12:02.474Z :erbium.libera.chat PONG erbium.libera.chat :erbium.libera.chat
--> lag pong
<< PING erbium.libera.chat
>> @time=2024-02-20T12:13:03.594Z :erbium.libera.chat PONG erbium.libera.chat :erbium.libera.chat
--> lag pong
<< PING erbium.libera.chat
>> @time=2024-02-20T12:14:04.723Z :erbium.libera.chat PONG erbium.libera.chat :erbium.libera.chat
--> lag pong
<< NICK shoodle
>> @time=2024-02-20T12:14:19.823Z :shoodlemeep!~user@5.195.225.158 NICK :shoodle